<?xml version="1.0" encoding="UTF-8"?>
<!-- Generated by org.testng.reporters.JUnitXMLReporter -->
<testsuite ignored="0" hostname="LAPTOP-IED5V1BU" failures="0" tests="4" name="Default test" time="31.44" errors="0" timestamp="2021-08-20T00:20:45 IST">
  <testcase classname="com.spurQlabs.TestScripts.Operation1" name="multiplication" time="7.592"/>
  <testcase classname="com.spurQlabs.TestScripts.Operation2" name="division" time="8.786"/>
  <testcase classname="com.spurQlabs.TestScripts.Operation3" name="addition" time="7.174"/>
  <testcase classname="com.spurQlabs.TestScripts.Operation4" name="subtraction" time="7.817"/>
</testsuite> <!-- Default test -->
